Determining if the pthread_create exist failed with the following output:
Change Dir: /home/pathfinder/catkin_rplidar/build/CMakeFiles/CMakeTmp

Run Build Command:"/usr/bin/make" "cmTC_f9091/fast"
/usr/bin/make -f CMakeFiles/cmTC_f9091.dir/build.make CMakeFiles/cmTC_f9091.dir/build
make[1]: Entering directory '/home/pathfinder/catkin_rplidar/build/CMakeFiles/CMakeTmp'
Building C object CMakeFiles/cmTC_f9091.dir/CheckSymbolExists.c.o
/usr/bin/cc     -o CMakeFiles/cmTC_f9091.dir/CheckSymbolExists.c.o   -c /home/pathfinder/catkin_rplidar/build/CMakeFiles/CMakeTmp/CheckSymbolExists.c
Linking C executable cmTC_f9091
/usr/bin/cmake -E cmake_link_script CMakeFiles/cmTC_f9091.dir/link.txt --verbose=1
/usr/bin/cc       CMakeFiles/cmTC_f9091.dir/CheckSymbolExists.c.o  -o cmTC_f9091 -rdynamic 
CMakeFiles/cmTC_f9091.dir/CheckSymbolExists.c.o：在函数‘main’中：
CheckSymbolExists.c:(.text+0x16)：对‘pthread_create’未定义的引用
collect2: error: ld returned 1 exit status
CMakeFiles/cmTC_f9091.dir/build.make:97: recipe for target 'cmTC_f9091' failed
make[1]: *** [cmTC_f9091] Error 1
make[1]: Leaving directory '/home/pathfinder/catkin_rplidar/build/CMakeFiles/CMakeTmp'
Makefile:126: recipe for target 'cmTC_f9091/fast' failed
make: *** [cmTC_f9091/fast] Error 2

File /home/pathfinder/catkin_rplidar/build/CMakeFiles/CMakeTmp/CheckSymbolExists.c:
/* */
#include <pthread.h>

int main(int argc, char** argv)
{
  (void)argv;
#ifndef pthread_create
  return ((int*)(&pthread_create))[argc];
#else
  (void)argc;
  return 0;
#endif
}

Determining if the function pthread_create exists in the pthreads failed with the following output:
Change Dir: /home/pathfinder/catkin_rplidar/build/CMakeFiles/CMakeTmp

Run Build Command:"/usr/bin/make" "cmTC_11a21/fast"
/usr/bin/make -f CMakeFiles/cmTC_11a21.dir/build.make CMakeFiles/cmTC_11a21.dir/build
make[1]: Entering directory '/home/pathfinder/catkin_rplidar/build/CMakeFiles/CMakeTmp'
Building C object CMakeFiles/cmTC_11a21.dir/CheckFunctionExists.c.o
/usr/bin/cc    -DCHECK_FUNCTION_EXISTS=pthread_create   -o CMakeFiles/cmTC_11a21.dir/CheckFunctionExists.c.o   -c /usr/share/cmake-3.5/Modules/CheckFunctionExists.c
Linking C executable cmTC_11a21
/usr/bin/cmake -E cmake_link_script CMakeFiles/cmTC_11a21.dir/link.txt --verbose=1
/usr/bin/cc   -DCHECK_FUNCTION_EXISTS=pthread_create    CMakeFiles/cmTC_11a21.dir/CheckFunctionExists.c.o  -o cmTC_11a21 -rdynamic -lpthreads 
/usr/bin/ld: 找不到 -lpthreads
collect2: error: ld returned 1 exit status
CMakeFiles/cmTC_11a21.dir/build.make:97: recipe for target 'cmTC_11a21' failed
make[1]: *** [cmTC_11a21] Error 1
make[1]: Leaving directory '/home/pathfinder/catkin_rplidar/build/CMakeFiles/CMakeTmp'
Makefile:126: recipe for target 'cmTC_11a21/fast' failed
make: *** [cmTC_11a21/fast] Error 2


Determining if the Q_WS_WIN exist failed with the following output:
Change Dir: /home/pathfinder/catkin_rplidar/build/CMakeFiles/CMakeTmp

Run Build Command:"/usr/bin/make" "cmTC_0af1f/fast"
/usr/bin/make -f CMakeFiles/cmTC_0af1f.dir/build.make CMakeFiles/cmTC_0af1f.dir/build
make[1]: Entering directory '/home/pathfinder/catkin_rplidar/build/CMakeFiles/CMakeTmp'
Building CXX object CMakeFiles/cmTC_0af1f.dir/CheckSymbolExists.cxx.o
/usr/bin/c++    -I/usr/include/qt4   -o CMakeFiles/cmTC_0af1f.dir/CheckSymbolExists.cxx.o -c /home/pathfinder/catkin_rplidar/build/CMakeFiles/CMakeTmp/CheckSymbolExists.cxx
/home/pathfinder/catkin_rplidar/build/CMakeFiles/CMakeTmp/CheckSymbolExists.cxx: In function ‘int main(int, char**)’:
/home/pathfinder/catkin_rplidar/build/CMakeFiles/CMakeTmp/CheckSymbolExists.cxx:8:19: error: ‘Q_WS_WIN’ was not declared in this scope
   return ((int*)(&Q_WS_WIN))[argc];
                   ^
CMakeFiles/cmTC_0af1f.dir/build.make:65: recipe for target 'CMakeFiles/cmTC_0af1f.dir/CheckSymbolExists.cxx.o' failed
make[1]: *** [CMakeFiles/cmTC_0af1f.dir/CheckSymbolExists.cxx.o] Error 1
make[1]: Leaving directory '/home/pathfinder/catkin_rplidar/build/CMakeFiles/CMakeTmp'
Makefile:126: recipe for target 'cmTC_0af1f/fast' failed
make: *** [cmTC_0af1f/fast] Error 2

File /home/pathfinder/catkin_rplidar/build/CMakeFiles/CMakeTmp/CheckSymbolExists.cxx:
/* */
#include <QtCore/qglobal.h>

int main(int argc, char** argv)
{
  (void)argv;
#ifndef Q_WS_WIN
  return ((int*)(&Q_WS_WIN))[argc];
#else
  (void)argc;
  return 0;
#endif
}

Determining if the Q_WS_QWS exist failed with the following output:
Change Dir: /home/pathfinder/catkin_rplidar/build/CMakeFiles/CMakeTmp

Run Build Command:"/usr/bin/make" "cmTC_de15a/fast"
/usr/bin/make -f CMakeFiles/cmTC_de15a.dir/build.make CMakeFiles/cmTC_de15a.dir/build
make[1]: Entering directory '/home/pathfinder/catkin_rplidar/build/CMakeFiles/CMakeTmp'
Building CXX object CMakeFiles/cmTC_de15a.dir/CheckSymbolExists.cxx.o
/usr/bin/c++    -I/usr/include/qt4   -o CMakeFiles/cmTC_de15a.dir/CheckSymbolExists.cxx.o -c /home/pathfinder/catkin_rplidar/build/CMakeFiles/CMakeTmp/CheckSymbolExists.cxx
/home/pathfinder/catkin_rplidar/build/CMakeFiles/CMakeTmp/CheckSymbolExists.cxx: In function ‘int main(int, char**)’:
/home/pathfinder/catkin_rplidar/build/CMakeFiles/CMakeTmp/CheckSymbolExists.cxx:8:19: error: ‘Q_WS_QWS’ was not declared in this scope
   return ((int*)(&Q_WS_QWS))[argc];
                   ^
CMakeFiles/cmTC_de15a.dir/build.make:65: recipe for target 'CMakeFiles/cmTC_de15a.dir/CheckSymbolExists.cxx.o' failed
make[1]: *** [CMakeFiles/cmTC_de15a.dir/CheckSymbolExists.cxx.o] Error 1
make[1]: Leaving directory '/home/pathfinder/catkin_rplidar/build/CMakeFiles/CMakeTmp'
Makefile:126: recipe for target 'cmTC_de15a/fast' failed
make: *** [cmTC_de15a/fast] Error 2

File /home/pathfinder/catkin_rplidar/build/CMakeFiles/CMakeTmp/CheckSymbolExists.cxx:
/* */
#include <QtCore/qglobal.h>

int main(int argc, char** argv)
{
  (void)argv;
#ifndef Q_WS_QWS
  return ((int*)(&Q_WS_QWS))[argc];
#else
  (void)argc;
  return 0;
#endif
}

Determining if the Q_WS_MAC exist failed with the following output:
Change Dir: /home/pathfinder/catkin_rplidar/build/CMakeFiles/CMakeTmp

Run Build Command:"/usr/bin/make" "cmTC_f1d2b/fast"
/usr/bin/make -f CMakeFiles/cmTC_f1d2b.dir/build.make CMakeFiles/cmTC_f1d2b.dir/build
make[1]: Entering directory '/home/pathfinder/catkin_rplidar/build/CMakeFiles/CMakeTmp'
Building CXX object CMakeFiles/cmTC_f1d2b.dir/CheckSymbolExists.cxx.o
/usr/bin/c++    -I/usr/include/qt4   -o CMakeFiles/cmTC_f1d2b.dir/CheckSymbolExists.cxx.o -c /home/pathfinder/catkin_rplidar/build/CMakeFiles/CMakeTmp/CheckSymbolExists.cxx
/home/pathfinder/catkin_rplidar/build/CMakeFiles/CMakeTmp/CheckSymbolExists.cxx: In function ‘int main(int, char**)’:
/home/pathfinder/catkin_rplidar/build/CMakeFiles/CMakeTmp/CheckSymbolExists.cxx:8:19: error: ‘Q_WS_MAC’ was not declared in this scope
   return ((int*)(&Q_WS_MAC))[argc];
                   ^
CMakeFiles/cmTC_f1d2b.dir/build.make:65: recipe for target 'CMakeFiles/cmTC_f1d2b.dir/CheckSymbolExists.cxx.o' failed
make[1]: *** [CMakeFiles/cmTC_f1d2b.dir/CheckSymbolExists.cxx.o] Error 1
make[1]: Leaving directory '/home/pathfinder/catkin_rplidar/build/CMakeFiles/CMakeTmp'
Makefile:126: recipe for target 'cmTC_f1d2b/fast' failed
make: *** [cmTC_f1d2b/fast] Error 2

File /home/pathfinder/catkin_rplidar/build/CMakeFiles/CMakeTmp/CheckSymbolExists.cxx:
/* */
#include <QtCore/qglobal.h>

int main(int argc, char** argv)
{
  (void)argv;
#ifndef Q_WS_MAC
  return ((int*)(&Q_WS_MAC))[argc];
#else
  (void)argc;
  return 0;
#endif
}

